
=CRASH REPORT==== 14-Oct-2013::23:13:00 ===
  crasher:
    initial call: echo_http_server:init/1
    pid: <0.215.0>
    registered_name: []
    exception exit: {undef,
                        [{cowboy_router,compile,
                             [[{'_',
                                   [{"/reactiveprogramming/sendecho/",
                                     handler_echo,[]}]}]],
                             []},
                         {echo_http_server,init,1,
                             [{file,"src/echo_http_server.erl"},{line,36}]},
                         {gen_server,init_it,6,
                             [{file,"gen_server.erl"},{line,304}]},
                         {proc_lib,init_p_do_apply,3,
                             [{file,"proc_lib.erl"},{line,239}]}]}
      in function  gen_server:init_it/6 (gen_server.erl, line 328)
    ancestors: [echo_sup,<0.213.0>]
    messages: []
    links: [<0.214.0>]
    dictionary: []
    trap_exit: false
    status: running
    heap_size: 610
    stack_size: 27
    reductions: 130
  neighbours:

=SUPERVISOR REPORT==== 14-Oct-2013::23:13:00 ===
     Supervisor: {local,echo_sup}
     Context:    start_error
     Reason:     {undef,
                     [{cowboy_router,compile,
                          [[{'_',
                                [{"/reactiveprogramming/sendecho/",
                                  handler_echo,[]}]}]],
                          []},
                      {echo_http_server,init,1,
                          [{file,"src/echo_http_server.erl"},{line,36}]},
                      {gen_server,init_it,6,
                          [{file,"gen_server.erl"},{line,304}]},
                      {proc_lib,init_p_do_apply,3,
                          [{file,"proc_lib.erl"},{line,239}]}]}
     Offender:   [{pid,undefined},
                  {name,echo_http_server},
                  {mfargs,{echo_http_server,start_link,[]}},
                  {restart_type,permanent},
                  {shutdown,5000},
                  {child_type,worker}]


=CRASH REPORT==== 14-Oct-2013::23:13:00 ===
  crasher:
    initial call: application_master:init/4
    pid: <0.212.0>
    registered_name: []
    exception exit: {{shutdown,
                      {failed_to_start_child,echo_http_server,
                       {undef,
                        [{cowboy_router,compile,
                          [[{'_',
                             [{"/reactiveprogramming/sendecho/",handler_echo,
                               []}]}]],
                          []},
                         {echo_http_server,init,1,
                          [{file,"src/echo_http_server.erl"},{line,36}]},
                         {gen_server,init_it,6,
                          [{file,"gen_server.erl"},{line,304}]},
                         {proc_lib,init_p_do_apply,3,
                          [{file,"proc_lib.erl"},{line,239}]}]}}},
                     {echo_app,start,[normal,[]]}}
      in function  application_master:init/4 (application_master.erl, line 133)
    ancestors: [<0.211.0>]
    messages: [{'EXIT',<0.213.0>,normal}]
    links: [<0.211.0>,<0.172.0>]
    dictionary: []
    trap_exit: true
    status: running
    heap_size: 987
    stack_size: 27
    reductions: 168
  neighbours:
